#
# There is insufficient memory for the Java Runtime Environment to continue.
# Native memory allocation (malloc) failed to allocate 1475056 bytes. Error detail: Chunk::new
# Possible reasons:
#   The system is out of physical RAM or swap space
#   This process is running with CompressedOops enabled, and the Java Heap may be blocking the growth of the native heap
# Possible solutions:
#   Reduce memory load on the system
#   Increase physical memory or swap space
#   Check if swap backing store is full
#   Decrease Java heap size (-Xmx/-Xms)
#   Decrease number of Java threads
#   Decrease Java thread stack sizes (-Xss)
#   Set larger code cache with -XX:ReservedCodeCacheSize=
#   JVM is running with Unscaled Compressed Oops mode in which the Java heap is
#     placed in the first 4GB address space. The Java Heap base address is the
#     maximum limit for the native heap growth. Please use -XX:HeapBaseMinAddress
#     to set the Java Heap base and to place the Java Heap above 4GB virtual address.
# This output file may be truncated or incomplete.
#
#  Out of Memory Error (arena.cpp:168), pid=16824, tid=7412
#
# JRE version: OpenJDK Runtime Environment Temurin-21.0.7+6 (21.0.7+6) (build 21.0.7+6-LTS)
# Java VM: OpenJDK 64-Bit Server VM Temurin-21.0.7+6 (21.0.7+6-LTS, mixed mode, sharing, tiered, compressed oops, compressed class ptrs, parallel gc, windows-amd64)
# No core dump will be written. Minidumps are not enabled by default on client versions of Windows
#

---------------  S U M M A R Y ------------

Command Line: --add-modules=ALL-SYSTEM --add-opens=java.base/java.util=ALL-UNNAMED --add-opens=java.base/java.lang=ALL-UNNAMED --add-opens=java.base/sun.nio.fs=ALL-UNNAMED -Declipse.application=org.eclipse.jdt.ls.core.id1 -Dosgi.bundles.defaultStartLevel=4 -Declipse.product=org.eclipse.jdt.ls.core.product -Djava.import.generatesMetadataFilesAtProjectRoot=false -DDetectVMInstallationsJob.disabled=true -Dfile.encoding=utf8 -XX:+UseParallelGC -XX:GCTimeRatio=4 -XX:AdaptiveSizePolicyWeight=90 -Dsun.zip.disableMemoryMapping=true -Xmx1G -Xms100m -Xlog:disable -javaagent:c:\Users\marce\.vscode\extensions\redhat.java-1.42.0-win32-x64\lombok\lombok-1.18.36.jar -XX:+HeapDumpOnOutOfMemoryError -XX:HeapDumpPath=c:\Users\marce\AppData\Roaming\Code\User\workspaceStorage\c9f2f4fd0d52f45e6dcac711764d7503\redhat.java -Daether.dependencyCollector.impl=bf c:\Users\marce\.vscode\extensions\redhat.java-1.42.0-win32-x64\server\plugins\org.eclipse.equinox.launcher_1.7.0.v20250424-1814.jar -configuration c:\Users\marce\AppData\Roaming\Code\User\globalStorage\redhat.java\1.42.0\config_win -data c:\Users\marce\AppData\Roaming\Code\User\workspaceStorage\c9f2f4fd0d52f45e6dcac711764d7503\redhat.java\jdt_ws --pipe=\\.\pipe\lsp-bf4e149a6be8642c054e28f657c2c4bc-sock

Host: Intel(R) Pentium(R) Gold 7505 @ 2.00GHz, 4 cores, 3G,  Windows 11 , 64 bit Build 22621 (10.0.22621.5262)
Time: Wed May 21 23:23:45 2025 Hora est. Sudamérica Pacífico elapsed time: 1355.796410 seconds (0d 0h 22m 35s)

---------------  T H R E A D  ---------------

Current thread (0x00000158bb196b30):  JavaThread "C2 CompilerThread0" daemon [_thread_in_native, id=7412, stack(0x0000002010600000,0x0000002010700000) (1024K)]


Current CompileTask:
C2:1355796 14928       4       org.eclipse.jdt.internal.compiler.lookup.ModuleBinding::getVisiblePackage (472 bytes)

Stack: [0x0000002010600000,0x0000002010700000]
Native frames: (J=compiled Java code, j=interpreted, Vv=VM code, C=native code)
V  [jvm.dll+0x6ce119]
V  [jvm.dll+0x8a84a1]
V  [jvm.dll+0x8aa9ce]
V  [jvm.dll+0x8ab0b3]
V  [jvm.dll+0x27f8a6]
V  [jvm.dll+0xc507d]
V  [jvm.dll+0xc55b3]
V  [jvm.dll+0x3b68f2]
V  [jvm.dll+0x382aa5]
V  [jvm.dll+0x381f0a]
V  [jvm.dll+0x247af0]
V  [jvm.dll+0x2470cf]
V  [jvm.dll+0x1c760e]
V  [jvm.dll+0x25695a]
V  [jvm.dll+0x254efa]
V  [jvm.dll+0x3f03f6]
V  [jvm.dll+0x851f6b]
V  [jvm.dll+0x6cc7dd]
C  [ucrtbase.dll+0x29333]
C  [KERNEL32.DLL+0x1259d]
C  [ntdll.dll+0x5af58]


---------------  P R O C E S S  ---------------

Threads class SMR info:
_java_thread_list=0x000001588ef17130, length=48, elements={
0x00000158a6e4c660, 0x00000158bb17adc0, 0x00000158bb17bf20, 0x00000158bb181640,
0x00000158bb184820, 0x00000158bb183eb0, 0x00000158bb18d490, 0x00000158bb196b30,
0x00000158bb197430, 0x00000158bb18eed0, 0x00000158bb18ba50, 0x00000158bb18e840,
0x00000158bb18db20, 0x00000158bb18c0e0, 0x00000158bb18c770, 0x00000158bb18ce00,
0x00000158bb18e1b0, 0x00000158fd4bcd70, 0x00000158fd4bb330, 0x00000158fd4bb9c0,
0x00000158fd4bf4d0, 0x00000158fd4c01f0, 0x00000158fd4bfb60, 0x00000158fd4bda90,
0x00000158fd4be120, 0x00000158fd4be7b0, 0x00000158fd4c0880, 0x00000158fd4c0f10,
0x00000158fe9983d0, 0x00000158fe998a60, 0x00000158fe9990f0, 0x00000158fe994f50,
0x00000158fe9976b0, 0x00000158fe995c70, 0x00000158fe99a4a0, 0x00000158fe99b1c0,
0x00000158fe994230, 0x00000158fe99b850, 0x00000158fe9948c0, 0x00000158fd4b9f80,
0x00000158fd4bee40, 0x00000158fd4ba610, 0x00000158fd4c15a0, 0x00000158fd4baca0,
0x00000158fd4bc050, 0x00000158fd4bc6e0, 0x00000158fd4bd400, 0x00000158fde9e310
}

Java Threads: ( => current thread )
  0x00000158a6e4c660 JavaThread "main"                              [_thread_blocked, id=17244, stack(0x000000200fc00000,0x000000200fd00000) (1024K)]
  0x00000158bb17adc0 JavaThread "Reference Handler"          daemon [_thread_blocked, id=12312, stack(0x0000002010000000,0x0000002010100000) (1024K)]
  0x00000158bb17bf20 JavaThread "Finalizer"                  daemon [_thread_blocked, id=17460, stack(0x0000002010100000,0x0000002010200000) (1024K)]
  0x00000158bb181640 JavaThread "Signal Dispatcher"          daemon [_thread_blocked, id=15816, stack(0x0000002010200000,0x0000002010300000) (1024K)]
  0x00000158bb184820 JavaThread "Attach Listener"            daemon [_thread_blocked, id=13012, stack(0x0000002010300000,0x0000002010400000) (1024K)]
  0x00000158bb183eb0 JavaThread "Service Thread"             daemon [_thread_blocked, id=18212, stack(0x0000002010400000,0x0000002010500000) (1024K)]
  0x00000158bb18d490 JavaThread "Monitor Deflation Thread"   daemon [_thread_blocked, id=7604, stack(0x0000002010500000,0x0000002010600000) (1024K)]
=>0x00000158bb196b30 JavaThread "C2 CompilerThread0"         daemon [_thread_in_native, id=7412, stack(0x0000002010600000,0x0000002010700000) (1024K)]
  0x00000158bb197430 JavaThread "C1 CompilerThread0"         daemon [_thread_blocked, id=6960, stack(0x0000002010700000,0x0000002010800000) (1024K)]
  0x00000158bb18eed0 JavaThread "Common-Cleaner"             daemon [_thread_blocked, id=7196, stack(0x0000002010800000,0x0000002010900000) (1024K)]
  0x00000158bb18ba50 JavaThread "Notification Thread"        daemon [_thread_blocked, id=12628, stack(0x0000002010900000,0x0000002010a00000) (1024K)]
  0x00000158bb18e840 JavaThread "Active Thread: Equinox Container: 7154c6d7-6743-4cc2-acd8-e4d209611982"        [_thread_blocked, id=10148, stack(0x0000002010d00000,0x0000002010e00000) (1024K)]
  0x00000158bb18db20 JavaThread "Refresh Thread: Equinox Container: 7154c6d7-6743-4cc2-acd8-e4d209611982" daemon [_thread_blocked, id=8212, stack(0x0000002010e00000,0x0000002010f00000) (1024K)]
  0x00000158bb18c0e0 JavaThread "Framework Event Dispatcher: Equinox Container: 7154c6d7-6743-4cc2-acd8-e4d209611982" daemon [_thread_blocked, id=14480, stack(0x0000002010f00000,0x0000002011000000) (1024K)]
  0x00000158bb18c770 JavaThread "Start Level: Equinox Container: 7154c6d7-6743-4cc2-acd8-e4d209611982" daemon [_thread_blocked, id=6044, stack(0x0000002011000000,0x0000002011100000) (1024K)]
  0x00000158bb18ce00 JavaThread "Bundle File Closer"         daemon [_thread_blocked, id=12076, stack(0x0000002011100000,0x0000002011200000) (1024K)]
  0x00000158bb18e1b0 JavaThread "SCR Component Actor"        daemon [_thread_blocked, id=12280, stack(0x0000002011200000,0x0000002011300000) (1024K)]
  0x00000158fd4bcd70 JavaThread "Worker-JM"                         [_thread_blocked, id=15876, stack(0x0000002011400000,0x0000002011500000) (1024K)]
  0x00000158fd4bb330 JavaThread "Java indexing"              daemon [_thread_blocked, id=17976, stack(0x0000002011700000,0x0000002011800000) (1024K)]
  0x00000158fd4bb9c0 JavaThread "JNA Cleaner"                daemon [_thread_blocked, id=8148, stack(0x0000002011300000,0x0000002011400000) (1024K)]
  0x00000158fd4bf4d0 JavaThread "Thread-2"                   daemon [_thread_in_native, id=10040, stack(0x0000002011c00000,0x0000002011d00000) (1024K)]
  0x00000158fd4c01f0 JavaThread "Thread-3"                   daemon [_thread_in_native, id=12488, stack(0x0000002011d00000,0x0000002011e00000) (1024K)]
  0x00000158fd4bfb60 JavaThread "Thread-4"                   daemon [_thread_in_native, id=16304, stack(0x0000002011e00000,0x0000002011f00000) (1024K)]
  0x00000158fd4bda90 JavaThread "Thread-5"                   daemon [_thread_in_native, id=1856, stack(0x0000002011f00000,0x0000002012000000) (1024K)]
  0x00000158fd4be120 JavaThread "Thread-6"                   daemon [_thread_in_native, id=8052, stack(0x0000002012000000,0x0000002012100000) (1024K)]
  0x00000158fd4be7b0 JavaThread "pool-2-thread-1"                   [_thread_blocked, id=17132, stack(0x0000002012100000,0x0000002012200000) (1024K)]
  0x00000158fd4c0880 JavaThread "WorkspaceEventsHandler"            [_thread_blocked, id=16132, stack(0x0000002012200000,0x0000002012300000) (1024K)]
  0x00000158fd4c0f10 JavaThread "pool-1-thread-1"                   [_thread_blocked, id=7020, stack(0x0000002012300000,0x0000002012400000) (1024K)]
  0x00000158fe9983d0 JavaThread "ForkJoinPool.commonPool-worker-7" daemon [_thread_blocked, id=12432, stack(0x0000002011600000,0x0000002011700000) (1024K)]
  0x00000158fe998a60 JavaThread "Worker-10"                         [_thread_blocked, id=6368, stack(0x0000002011900000,0x0000002011a00000) (1024K)]
  0x00000158fe9990f0 JavaThread "Worker-11"                         [_thread_blocked, id=13616, stack(0x0000002011a00000,0x0000002011b00000) (1024K)]
  0x00000158fe994f50 JavaThread "Worker-12: Building"               [_thread_in_Java, id=10976, stack(0x0000002011b00000,0x0000002011c00000) (1024K)]
  0x00000158fe9976b0 JavaThread "Worker-13"                         [_thread_blocked, id=13728, stack(0x000000200f900000,0x000000200fa00000) (1024K)]
  0x00000158fe995c70 JavaThread "Compiler Source File Reader" daemon [_thread_blocked, id=15472, stack(0x000000200fa00000,0x000000200fb00000) (1024K)]
  0x00000158fe99a4a0 JavaThread "Compiler Processing Task"   daemon [_thread_blocked, id=11800, stack(0x000000200fb00000,0x000000200fc00000) (1024K)]
  0x00000158fe99b1c0 JavaThread "Worker-14"                         [_thread_blocked, id=7672, stack(0x0000002011500000,0x0000002011600000) (1024K)]
  0x00000158fe994230 JavaThread "Compiler Source File Reader" daemon [_thread_blocked, id=4620, stack(0x0000002011800000,0x0000002011900000) (1024K)]
  0x00000158fe99b850 JavaThread "ForkJoinPool.commonPool-worker-8" daemon [_thread_blocked, id=17532, stack(0x0000002012400000,0x0000002012500000) (1024K)]
  0x00000158fe9948c0 JavaThread "ForkJoinPool.commonPool-worker-9" daemon [_thread_in_Java, id=10028, stack(0x0000002012500000,0x0000002012600000) (1024K)]
  0x00000158fd4b9f80 JavaThread "Cleaner-0"                  daemon [_thread_blocked, id=9876, stack(0x0000002012600000,0x0000002012700000) (1024K)]
  0x00000158fd4bee40 JavaThread "Worker-15"                         [_thread_blocked, id=8380, stack(0x0000002012700000,0x0000002012800000) (1024K)]
  0x00000158fd4ba610 JavaThread "LocalFile Deleter"          daemon [_thread_blocked, id=17464, stack(0x0000002012800000,0x0000002012900000) (1024K)]
  0x00000158fd4c15a0 JavaThread "LocalFile Deleter"          daemon [_thread_blocked, id=5020, stack(0x0000002012900000,0x0000002012a00000) (1024K)]
  0x00000158fd4baca0 JavaThread "LocalFile Deleter"          daemon [_thread_blocked, id=16968, stack(0x0000002012a00000,0x0000002012b00000) (1024K)]
  0x00000158fd4bc050 JavaThread "LocalFile Deleter"          daemon [_thread_blocked, id=15312, stack(0x0000002012b00000,0x0000002012c00000) (1024K)]
  0x00000158fd4bc6e0 JavaThread "Compiler Class File Writer" daemon [_thread_blocked, id=1188, stack(0x0000002012c00000,0x0000002012d00000) (1024K)]
  0x00000158fd4bd400 JavaThread "Compiler Class File Writer" daemon [_thread_blocked, id=6364, stack(0x0000002012d00000,0x0000002012e00000) (1024K)]
  0x00000158fde9e310 JavaThread "Worker-16"                         [_thread_blocked, id=15572, stack(0x0000002012e00000,0x0000002012f00000) (1024K)]
Total: 48

Other Threads:
  0x00000158a6f0d6c0 VMThread "VM Thread"                           [id=10560, stack(0x000000200ff00000,0x0000002010000000) (1024K)]
  0x00000158a6eb8690 WatcherThread "VM Periodic Task Thread"        [id=17692, stack(0x000000200fe00000,0x000000200ff00000) (1024K)]
  0x00000158a6e6b0f0 WorkerThread "GC Thread#0"                     [id=17940, stack(0x000000200fd00000,0x000000200fe00000) (1024K)]
  0x00000158fd545ec0 WorkerThread "GC Thread#1"                     [id=2104, stack(0x0000002010a00000,0x0000002010b00000) (1024K)]
  0x00000158fd5853a0 WorkerThread "GC Thread#2"                     [id=16012, stack(0x0000002010b00000,0x0000002010c00000) (1024K)]
  0x00000158fd585740 WorkerThread "GC Thread#3"                     [id=15128, stack(0x0000002010c00000,0x0000002010d00000) (1024K)]
Total: 6

Threads with active compile tasks:
C2 CompilerThread0  1355909 14928       4       org.eclipse.jdt.internal.compiler.lookup.ModuleBinding::getVisiblePackage (472 bytes)
Total: 1

VM state: not at safepoint (normal execution)

VM Mutex/Monitor currently owned by a thread: None

Heap address: 0x00000000c0000000, size: 1024 MB, Compressed Oops mode: 32-bit

CDS archive(s) mapped at: [0x00000158bc000000-0x00000158bcba0000-0x00000158bcba0000), size 12189696, SharedBaseAddress: 0x00000158bc000000, ArchiveRelocationMode: 1.
Compressed class space mapped at: 0x00000158bd000000-0x00000158fd000000, reserved size: 1073741824
Narrow klass base: 0x00000158bc000000, Narrow klass shift: 0, Narrow klass range: 0x100000000

GC Precious Log:
 CardTable entry size: 512
 CPUs: 4 total, 4 available
 Memory: 3790M
 Large Page Support: Disabled
 NUMA Support: Disabled
 Compressed Oops: Enabled (32-bit)
 Alignments: Space 512K, Generation 512K, Heap 2M
 Heap Min Capacity: 100M
 Heap Initial Capacity: 100M
 Heap Max Capacity: 1G
 Pre-touch: Disabled
 Parallel Workers: 4

Heap:
 PSYoungGen      total 6144K, used 3253K [0x00000000eab00000, 0x00000000eb600000, 0x0000000100000000)
  eden space 5632K, 49% used [0x00000000eab00000,0x00000000eadb8340,0x00000000eb080000)
  from space 512K, 91% used [0x00000000eb580000,0x00000000eb5f5220,0x00000000eb600000)
  to   space 2560K, 0% used [0x00000000eb100000,0x00000000eb100000,0x00000000eb380000)
 ParOldGen       total 523264K, used 523112K [0x00000000c0000000, 0x00000000dff00000, 0x00000000eab00000)
  object space 523264K, 99% used [0x00000000c0000000,0x00000000dfeda140,0x00000000dff00000)
 Metaspace       used 76924K, committed 78528K, reserved 1179648K
  class space    used 7967K, committed 8704K, reserved 1048576K

Card table byte_map: [0x00000158a67f0000,0x00000158a6a00000] _byte_map_base: 0x00000158a61f0000

Marking Bits: (ParMarkBitMap*) 0x00007ff8976831f0
 Begin Bits: [0x00000158b9040000, 0x00000158ba040000)
 End Bits:   [0x00000158ba040000, 0x00000158bb040000)

Polling page: 0x00000158a4e90000

Metaspace:

Usage:
  Non-class:     67.34 MB used.
      Class:      7.78 MB used.
       Both:     75.12 MB used.

Virtual space:
  Non-class space:      128.00 MB reserved,      68.19 MB ( 53%) committed,  2 nodes.
      Class space:        1.00 GB reserved,       8.50 MB ( <1%) committed,  1 nodes.
             Both:        1.12 GB reserved,      76.69 MB (  7%) committed. 

Chunk freelists:
   Non-Class:  11.44 MB
       Class:  7.48 MB
        Both:  18.93 MB

MaxMetaspaceSize: unlimited
CompressedClassSpaceSize: 1.00 GB
Initial GC threshold: 21.00 MB
Current GC threshold: 116.25 MB
CDS: on
 - commit_granule_bytes: 65536.
 - commit_granule_words: 8192.
 - virtual_space_node_default_size: 8388608.
 - enlarge_chunks_in_place: 1.
 - use_allocation_guard: 0.


Internal statistics:

num_allocs_failed_limit: 9.
num_arena_births: 1338.
num_arena_deaths: 24.
num_vsnodes_births: 3.
num_vsnodes_deaths: 0.
num_space_committed: 1227.
num_space_uncommitted: 0.
num_chunks_returned_to_freelist: 36.
num_chunks_taken_from_freelist: 4788.
num_chunk_merges: 14.
num_chunk_splits: 2945.
num_chunks_enlarged: 1710.
num_inconsistent_stats: 0.

CodeHeap 'non-profiled nmethods': size=120000Kb used=12181Kb max_used=12181Kb free=107818Kb
 bounds [0x00000158b1b10000, 0x00000158b2700000, 0x00000158b9040000]
CodeHeap 'profiled nmethods': size=120000Kb used=31004Kb max_used=31004Kb free=88996Kb
 bounds [0x00000158aa040000, 0x00000158abe90000, 0x00000158b1570000]
CodeHeap 'non-nmethods': size=5760Kb used=1504Kb max_used=1581Kb free=4255Kb
 bounds [0x00000158b1570000, 0x00000158b17e0000, 0x00000158b1b10000]
 total_blobs=14101 nmethods=13280 adapters=726
 compilation: enabled
              stopped_count=0, restarted_count=0
 full_count=0

Compilation events (20 events):
Event: 1355.078 Thread 0x00000158bb197430 14920       3       org.eclipse.core.runtime.URIUtil::isFileURI (10 bytes)
Event: 1355.081 Thread 0x00000158bb197430 nmethod 14920 0x00000158abe7ae90 code [0x00000158abe7b040, 0x00000158abe7b188]
Event: 1355.082 Thread 0x00000158bb197430 14921   !   3       org.eclipse.jdt.internal.core.manipulation.JavaElementLabelComposerCore::appendTypeLabel (795 bytes)
Event: 1355.087 Thread 0x00000158bb196b30 nmethod 14919 0x00000158b26f4290 code [0x00000158b26f4440, 0x00000158b26f4750]
Event: 1355.178 Thread 0x00000158bb197430 nmethod 14921 0x00000158abe7b290 code [0x00000158abe7bc00, 0x00000158abe80f50]
Event: 1355.179 Thread 0x00000158bb197430 14922       3       java.util.concurrent.CompletableFuture$UniCompletion::claim (34 bytes)
Event: 1355.182 Thread 0x00000158bb197430 nmethod 14922 0x00000158abe82f10 code [0x00000158abe830e0, 0x00000158abe833c8]
Event: 1355.182 Thread 0x00000158bb197430 14923       3       java.util.concurrent.ForkJoinTask::compareAndSetForkJoinTaskTag (34 bytes)
Event: 1355.183 Thread 0x00000158bb197430 nmethod 14923 0x00000158abe83490 code [0x00000158abe83640, 0x00000158abe838c8]
Event: 1355.256 Thread 0x00000158bb197430 14924       3       org.eclipse.jdt.internal.core.JavaProject::computeExpandedClasspath (382 bytes)
Event: 1355.280 Thread 0x00000158bb197430 nmethod 14924 0x00000158abe83990 code [0x00000158abe83e60, 0x00000158abe86948]
Event: 1355.280 Thread 0x00000158bb197430 14925       3       org.eclipse.jdt.internal.core.CompilationUnit::calculateHashCode (15 bytes)
Event: 1355.281 Thread 0x00000158bb197430 nmethod 14925 0x00000158abe87a90 code [0x00000158abe87ca0, 0x00000158abe882a8]
Event: 1355.325 Thread 0x00000158bb197430 14926       3       lombok.core.FieldAugment::access$1 (6 bytes)
Event: 1355.326 Thread 0x00000158bb197430 nmethod 14926 0x00000158abe88510 code [0x00000158abe886c0, 0x00000158abe88900]
Event: 1355.422 Thread 0x00000158bb196b30 14927       4       java.lang.StringConcatHelper::newString (67 bytes)
Event: 1355.433 Thread 0x00000158bb196b30 nmethod 14927 0x00000158b26f4990 code [0x00000158b26f4b60, 0x00000158b26f5088]
Event: 1355.433 Thread 0x00000158bb196b30 14928       4       org.eclipse.jdt.internal.compiler.lookup.ModuleBinding::getVisiblePackage (472 bytes)
Event: 1355.619 Thread 0x00000158bb197430 14930       1       org.eclipse.m2e.core.internal.project.registry.MavenProjectFacade::getConfiguration (5 bytes)
Event: 1355.621 Thread 0x00000158bb197430 nmethod 14930 0x00000158b26f5290 code [0x00000158b26f5420, 0x00000158b26f54e8]

GC Heap History (20 events):
Event: 1352.752 GC heap before
{Heap before GC invocations=1058 (full 4):
 PSYoungGen      total 2560K, used 2527K [0x00000000eab00000, 0x00000000eaf00000, 0x0000000100000000)
  eden space 2048K, 99% used [0x00000000eab00000,0x00000000eacffff8,0x00000000ead00000)
  from space 512K, 93% used [0x00000000eae80000,0x00000000eaef8000,0x00000000eaf00000)
  to   space 1024K, 0% used [0x00000000ead00000,0x00000000ead00000,0x00000000eae00000)
 ParOldGen       total 498176K, used 497684K [0x00000000c0000000, 0x00000000de680000, 0x00000000eab00000)
  object space 498176K, 99% used [0x00000000c0000000,0x00000000de6051c0,0x00000000de680000)
 Metaspace       used 76864K, committed 78528K, reserved 1179648K
  class space    used 7967K, committed 8704K, reserved 1048576K
}
Event: 1352.868 GC heap after
{Heap after GC invocations=1058 (full 4):
 PSYoungGen      total 3072K, used 1024K [0x00000000eab00000, 0x00000000eb280000, 0x0000000100000000)
  eden space 2048K, 0% used [0x00000000eab00000,0x00000000eab00000,0x00000000ead00000)
  from space 1024K, 100% used [0x00000000ead00000,0x00000000eae00000,0x00000000eae00000)
  to   space 2560K, 0% used [0x00000000eb000000,0x00000000eb000000,0x00000000eb280000)
 ParOldGen       total 499200K, used 498857K [0x00000000c0000000, 0x00000000de780000, 0x00000000eab00000)
  object space 499200K, 99% used [0x00000000c0000000,0x00000000de72a450,0x00000000de780000)
 Metaspace       used 76864K, committed 78528K, reserved 1179648K
  class space    used 7967K, committed 8704K, reserved 1048576K
}
Event: 1352.910 GC heap before
{Heap before GC invocations=1059 (full 4):
 PSYoungGen      total 3072K, used 3072K [0x00000000eab00000, 0x00000000eb280000, 0x0000000100000000)
  eden space 2048K, 100% used [0x00000000eab00000,0x00000000ead00000,0x00000000ead00000)
  from space 1024K, 100% used [0x00000000ead00000,0x00000000eae00000,0x00000000eae00000)
  to   space 2560K, 0% used [0x00000000eb000000,0x00000000eb000000,0x00000000eb280000)
 ParOldGen       total 499200K, used 498857K [0x00000000c0000000, 0x00000000de780000, 0x00000000eab00000)
  object space 499200K, 99% used [0x00000000c0000000,0x00000000de72a450,0x00000000de780000)
 Metaspace       used 76866K, committed 78528K, reserved 1179648K
  class space    used 7967K, committed 8704K, reserved 1048576K
}
Event: 1352.950 GC heap after
{Heap after GC invocations=1059 (full 4):
 PSYoungGen      total 5120K, used 2016K [0x00000000eab00000, 0x00000000eb280000, 0x0000000100000000)
  eden space 2560K, 0% used [0x00000000eab00000,0x00000000eab00000,0x00000000ead80000)
  from space 2560K, 78% used [0x00000000eb000000,0x00000000eb1f8000,0x00000000eb280000)
  to   space 2560K, 0% used [0x00000000ead80000,0x00000000ead80000,0x00000000eb000000)
 ParOldGen       total 500224K, used 499905K [0x00000000c0000000, 0x00000000de880000, 0x00000000eab00000)
  object space 500224K, 99% used [0x00000000c0000000,0x00000000de830450,0x00000000de880000)
 Metaspace       used 76866K, committed 78528K, reserved 1179648K
  class space    used 7967K, committed 8704K, reserved 1048576K
}
Event: 1352.987 GC heap before
{Heap before GC invocations=1060 (full 4):
 PSYoungGen      total 5120K, used 4576K [0x00000000eab00000, 0x00000000eb280000, 0x0000000100000000)
  eden space 2560K, 100% used [0x00000000eab00000,0x00000000ead80000,0x00000000ead80000)
  from space 2560K, 78% used [0x00000000eb000000,0x00000000eb1f8000,0x00000000eb280000)
  to   space 2560K, 0% used [0x00000000ead80000,0x00000000ead80000,0x00000000eb000000)
 ParOldGen       total 500224K, used 499905K [0x00000000c0000000, 0x00000000de880000, 0x00000000eab00000)
  object space 500224K, 99% used [0x00000000c0000000,0x00000000de830450,0x00000000de880000)
 Metaspace       used 76866K, committed 78528K, reserved 1179648K
  class space    used 7967K, committed 8704K, reserved 1048576K
}
Event: 1352.996 GC heap after
{Heap after GC invocations=1060 (full 4):
 PSYoungGen      total 5120K, used 2560K [0x00000000eab00000, 0x00000000eb800000, 0x0000000100000000)
  eden space 2560K, 0% used [0x00000000eab00000,0x00000000eab00000,0x00000000ead80000)
  from space 2560K, 100% used [0x00000000ead80000,0x00000000eb000000,0x00000000eb000000)
  to   space 5120K, 0% used [0x00000000eb300000,0x00000000eb300000,0x00000000eb800000)
 ParOldGen       total 502272K, used 501921K [0x00000000c0000000, 0x00000000dea80000, 0x00000000eab00000)
  object space 502272K, 99% used [0x00000000c0000000,0x00000000dea28450,0x00000000dea80000)
 Metaspace       used 76866K, committed 78528K, reserved 1179648K
  class space    used 7967K, committed 8704K, reserved 1048576K
}
Event: 1353.035 GC heap before
{Heap before GC invocations=1061 (full 4):
 PSYoungGen      total 5120K, used 5120K [0x00000000eab00000, 0x00000000eb800000, 0x0000000100000000)
  eden space 2560K, 100% used [0x00000000eab00000,0x00000000ead80000,0x00000000ead80000)
  from space 2560K, 100% used [0x00000000ead80000,0x00000000eb000000,0x00000000eb000000)
  to   space 5120K, 0% used [0x00000000eb300000,0x00000000eb300000,0x00000000eb800000)
 ParOldGen       total 502272K, used 501921K [0x00000000c0000000, 0x00000000dea80000, 0x00000000eab00000)
  object space 502272K, 99% used [0x00000000c0000000,0x00000000dea28450,0x00000000dea80000)
 Metaspace       used 76867K, committed 78528K, reserved 1179648K
  class space    used 7967K, committed 8704K, reserved 1048576K
}
Event: 1353.042 GC heap after
{Heap after GC invocations=1061 (full 4):
 PSYoungGen      total 6144K, used 2592K [0x00000000eab00000, 0x00000000eb600000, 0x0000000100000000)
  eden space 3072K, 0% used [0x00000000eab00000,0x00000000eab00000,0x00000000eae00000)
  from space 3072K, 84% used [0x00000000eb300000,0x00000000eb588000,0x00000000eb600000)
  to   space 3584K, 0% used [0x00000000eaf00000,0x00000000eaf00000,0x00000000eb280000)
 ParOldGen       total 504832K, used 504465K [0x00000000c0000000, 0x00000000ded00000, 0x00000000eab00000)
  object space 504832K, 99% used [0x00000000c0000000,0x00000000deca4450,0x00000000ded00000)
 Metaspace       used 76867K, committed 78528K, reserved 1179648K
  class space    used 7967K, committed 8704K, reserved 1048576K
}
Event: 1353.066 GC heap before
{Heap before GC invocations=1062 (full 4):
 PSYoungGen      total 6144K, used 5656K [0x00000000eab00000, 0x00000000eb600000, 0x0000000100000000)
  eden space 3072K, 99% used [0x00000000eab00000,0x00000000eadfe348,0x00000000eae00000)
  from space 3072K, 84% used [0x00000000eb300000,0x00000000eb588000,0x00000000eb600000)
  to   space 3584K, 0% used [0x00000000eaf00000,0x00000000eaf00000,0x00000000eb280000)
 ParOldGen       total 504832K, used 504465K [0x00000000c0000000, 0x00000000ded00000, 0x00000000eab00000)
  object space 504832K, 99% used [0x00000000c0000000,0x00000000deca4450,0x00000000ded00000)
 Metaspace       used 76872K, committed 78528K, reserved 1179648K
  class space    used 7967K, committed 8704K, reserved 1048576K
}
Event: 1353.077 GC heap after
{Heap after GC invocations=1062 (full 4):
 PSYoungGen      total 7680K, used 3010K [0x00000000eab00000, 0x00000000eb600000, 0x0000000100000000)
  eden space 4096K, 0% used [0x00000000eab00000,0x00000000eab00000,0x00000000eaf00000)
  from space 3584K, 83% used [0x00000000eaf00000,0x00000000eb1f0800,0x00000000eb280000)
  to   space 3584K, 0% used [0x00000000eb280000,0x00000000eb280000,0x00000000eb600000)
 ParOldGen       total 507392K, used 507001K [0x00000000c0000000, 0x00000000def80000, 0x00000000eab00000)
  object space 507392K, 99% used [0x00000000c0000000,0x00000000def1e450,0x00000000def80000)
 Metaspace       used 76872K, committed 78528K, reserved 1179648K
  class space    used 7967K, committed 8704K, reserved 1048576K
}
Event: 1353.144 GC heap before
{Heap before GC invocations=1063 (full 4):
 PSYoungGen      total 7680K, used 6760K [0x00000000eab00000, 0x00000000eb600000, 0x0000000100000000)
  eden space 4096K, 91% used [0x00000000eab00000,0x00000000eaea98f8,0x00000000eaf00000)
  from space 3584K, 83% used [0x00000000eaf00000,0x00000000eb1f0800,0x00000000eb280000)
  to   space 3584K, 0% used [0x00000000eb280000,0x00000000eb280000,0x00000000eb600000)
 ParOldGen       total 507392K, used 507001K [0x00000000c0000000, 0x00000000def80000, 0x00000000eab00000)
  object space 507392K, 99% used [0x00000000c0000000,0x00000000def1e450,0x00000000def80000)
 Metaspace       used 76875K, committed 78528K, reserved 1179648K
  class space    used 7967K, committed 8704K, reserved 1048576K
}
Event: 1353.154 GC heap after
{Heap after GC invocations=1063 (full 4):
 PSYoungGen      total 8192K, used 3008K [0x00000000eab00000, 0x00000000eb600000, 0x0000000100000000)
  eden space 4608K, 0% used [0x00000000eab00000,0x00000000eab00000,0x00000000eaf80000)
  from space 3584K, 83% used [0x00000000eb280000,0x00000000eb570000,0x00000000eb600000)
  to   space 3072K, 0% used [0x00000000eaf80000,0x00000000eaf80000,0x00000000eb280000)
 ParOldGen       total 509952K, used 509873K [0x00000000c0000000, 0x00000000df200000, 0x00000000eab00000)
  object space 509952K, 99% used [0x00000000c0000000,0x00000000df1ec450,0x00000000df200000)
 Metaspace       used 76875K, committed 78528K, reserved 1179648K
  class space    used 7967K, committed 8704K, reserved 1048576K
}
Event: 1353.493 GC heap before
{Heap before GC invocations=1064 (full 4):
 PSYoungGen      total 8192K, used 7616K [0x00000000eab00000, 0x00000000eb600000, 0x0000000100000000)
  eden space 4608K, 100% used [0x00000000eab00000,0x00000000eaf80000,0x00000000eaf80000)
  from space 3584K, 83% used [0x00000000eb280000,0x00000000eb570000,0x00000000eb600000)
  to   space 3072K, 0% used [0x00000000eaf80000,0x00000000eaf80000,0x00000000eb280000)
 ParOldGen       total 509952K, used 509873K [0x00000000c0000000, 0x00000000df200000, 0x00000000eab00000)
  object space 509952K, 99% used [0x00000000c0000000,0x00000000df1ec450,0x00000000df200000)
 Metaspace       used 76887K, committed 78528K, reserved 1179648K
  class space    used 7967K, committed 8704K, reserved 1048576K
}
Event: 1353.500 GC heap after
{Heap after GC invocations=1064 (full 4):
 PSYoungGen      total 7680K, used 3063K [0x00000000eab00000, 0x00000000ebb80000, 0x0000000100000000)
  eden space 4608K, 0% used [0x00000000eab00000,0x00000000eab00000,0x00000000eaf80000)
  from space 3072K, 99% used [0x00000000eaf80000,0x00000000eb27dce0,0x00000000eb280000)
  to   space 6144K, 0% used [0x00000000eb580000,0x00000000eb580000,0x00000000ebb80000)
 ParOldGen       total 512512K, used 512393K [0x00000000c0000000, 0x00000000df480000, 0x00000000eab00000)
  object space 512512K, 99% used [0x00000000c0000000,0x00000000df462450,0x00000000df480000)
 Metaspace       used 76887K, committed 78528K, reserved 1179648K
  class space    used 7967K, committed 8704K, reserved 1048576K
}
Event: 1353.540 GC heap before
{Heap before GC invocations=1065 (full 4):
 PSYoungGen      total 7680K, used 7671K [0x00000000eab00000, 0x00000000ebb80000, 0x0000000100000000)
  eden space 4608K, 100% used [0x00000000eab00000,0x00000000eaf80000,0x00000000eaf80000)
  from space 3072K, 99% used [0x00000000eaf80000,0x00000000eb27dce0,0x00000000eb280000)
  to   space 6144K, 0% used [0x00000000eb580000,0x00000000eb580000,0x00000000ebb80000)
 ParOldGen       total 512512K, used 512393K [0x00000000c0000000, 0x00000000df480000, 0x00000000eab00000)
  object space 512512K, 99% used [0x00000000c0000000,0x00000000df462450,0x00000000df480000)
 Metaspace       used 76887K, committed 78528K, reserved 1179648K
  class space    used 7967K, committed 8704K, reserved 1048576K
}
Event: 1353.554 GC heap after
{Heap after GC invocations=1065 (full 4):
 PSYoungGen      total 10752K, used 4640K [0x00000000eab00000, 0x00000000eba80000, 0x0000000100000000)
  eden space 5632K, 0% used [0x00000000eab00000,0x00000000eab00000,0x00000000eb080000)
  from space 5120K, 90% used [0x00000000eb580000,0x00000000eba08000,0x00000000eba80000)
  to   space 5120K, 0% used [0x00000000eb080000,0x00000000eb080000,0x00000000eb580000)
 ParOldGen       total 515584K, used 515472K [0x00000000c0000000, 0x00000000df780000, 0x00000000eab00000)
  object space 515584K, 99% used [0x00000000c0000000,0x00000000df764140,0x00000000df780000)
 Metaspace       used 76887K, committed 78528K, reserved 1179648K
  class space    used 7967K, committed 8704K, reserved 1048576K
}
Event: 1354.008 GC heap before
{Heap before GC invocations=1066 (full 4):
 PSYoungGen      total 10752K, used 10270K [0x00000000eab00000, 0x00000000eba80000, 0x0000000100000000)
  eden space 5632K, 99% used [0x00000000eab00000,0x00000000eb07f950,0x00000000eb080000)
  from space 5120K, 90% used [0x00000000eb580000,0x00000000eba08000,0x00000000eba80000)
  to   space 5120K, 0% used [0x00000000eb080000,0x00000000eb080000,0x00000000eb580000)
 ParOldGen       total 515584K, used 515472K [0x00000000c0000000, 0x00000000df780000, 0x00000000eab00000)
  object space 515584K, 99% used [0x00000000c0000000,0x00000000df764140,0x00000000df780000)
 Metaspace       used 76887K, committed 78528K, reserved 1179648K
  class space    used 7967K, committed 8704K, reserved 1048576K
}
Event: 1354.025 GC heap after
{Heap after GC invocations=1066 (full 4):
 PSYoungGen      total 10752K, used 4931K [0x00000000eab00000, 0x00000000eba80000, 0x0000000100000000)
  eden space 5632K, 0% used [0x00000000eab00000,0x00000000eab00000,0x00000000eb080000)
  from space 5120K, 96% used [0x00000000eb080000,0x00000000eb550cc8,0x00000000eb580000)
  to   space 5120K, 0% used [0x00000000eb580000,0x00000000eb580000,0x00000000eba80000)
 ParOldGen       total 520192K, used 520096K [0x00000000c0000000, 0x00000000dfc00000, 0x00000000eab00000)
  object space 520192K, 99% used [0x00000000c0000000,0x00000000dfbe8140,0x00000000dfc00000)
 Metaspace       used 76887K, committed 78528K, reserved 1179648K
  class space    used 7967K, committed 8704K, reserved 1048576K
}
Event: 1355.260 GC heap before
{Heap before GC invocations=1067 (full 4):
 PSYoungGen      total 10752K, used 10563K [0x00000000eab00000, 0x00000000eba80000, 0x0000000100000000)
  eden space 5632K, 100% used [0x00000000eab00000,0x00000000eb080000,0x00000000eb080000)
  from space 5120K, 96% used [0x00000000eb080000,0x00000000eb550cc8,0x00000000eb580000)
  to   space 5120K, 0% used [0x00000000eb580000,0x00000000eb580000,0x00000000eba80000)
 ParOldGen       total 520192K, used 520096K [0x00000000c0000000, 0x00000000dfc00000, 0x00000000eab00000)
  object space 520192K, 99% used [0x00000000c0000000,0x00000000dfbe8140,0x00000000dfc00000)
 Metaspace       used 76922K, committed 78528K, reserved 1179648K
  class space    used 7967K, committed 8704K, reserved 1048576K
}
Event: 1355.273 GC heap after
{Heap after GC invocations=1067 (full 4):
 PSYoungGen      total 6144K, used 468K [0x00000000eab00000, 0x00000000eb600000, 0x0000000100000000)
  eden space 5632K, 0% used [0x00000000eab00000,0x00000000eab00000,0x00000000eb080000)
  from space 512K, 91% used [0x00000000eb580000,0x00000000eb5f5220,0x00000000eb600000)
  to   space 2560K, 0% used [0x00000000eb100000,0x00000000eb100000,0x00000000eb380000)
 ParOldGen       total 523264K, used 523112K [0x00000000c0000000, 0x00000000dff00000, 0x00000000eab00000)
  object space 523264K, 99% used [0x00000000c0000000,0x00000000dfeda140,0x00000000dff00000)
 Metaspace       used 76922K, committed 78528K, reserved 1179648K
  class space    used 7967K, committed 8704K, reserved 1048576K
}

Dll operation events (14 events):
Event: 0.015 Loaded shared library c:\Users\marce\.vscode\extensions\redhat.java-1.42.0-win32-x64\jre\21.0.7-win32-x86_64\bin\java.dll
Event: 0.095 Loaded shared library c:\Users\marce\.vscode\extensions\redhat.java-1.42.0-win32-x64\jre\21.0.7-win32-x86_64\bin\zip.dll
Event: 0.129 Loaded shared library C:\Users\marce\.vscode\extensions\redhat.java-1.42.0-win32-x64\jre\21.0.7-win32-x86_64\bin\instrument.dll
Event: 0.148 Loaded shared library C:\Users\marce\.vscode\extensions\redhat.java-1.42.0-win32-x64\jre\21.0.7-win32-x86_64\bin\net.dll
Event: 0.165 Loaded shared library C:\Users\marce\.vscode\extensions\redhat.java-1.42.0-win32-x64\jre\21.0.7-win32-x86_64\bin\nio.dll
Event: 0.169 Loaded shared library C:\Users\marce\.vscode\extensions\redhat.java-1.42.0-win32-x64\jre\21.0.7-win32-x86_64\bin\zip.dll
Event: 0.201 Loaded shared library C:\Users\marce\.vscode\extensions\redhat.java-1.42.0-win32-x64\jre\21.0.7-win32-x86_64\bin\jimage.dll
Event: 0.351 Loaded shared library c:\Users\marce\.vscode\extensions\redhat.java-1.42.0-win32-x64\jre\21.0.7-win32-x86_64\bin\verify.dll
Event: 3.823 Loaded shared library C:\Users\marce\AppData\Roaming\Code\User\globalStorage\redhat.java\1.42.0\config_win\org.eclipse.equinox.launcher\org.eclipse.equinox.launcher.win32.win32.x86_64_1.2.1300.v20250331-1702\eclipse_11911.dll
Event: 7.746 Loaded shared library C:\Users\marce\.vscode\extensions\redhat.java-1.42.0-win32-x64\jre\21.0.7-win32-x86_64\bin\management.dll
Event: 7.750 Loaded shared library C:\Users\marce\.vscode\extensions\redhat.java-1.42.0-win32-x64\jre\21.0.7-win32-x86_64\bin\management_ext.dll
Event: 13.316 Loaded shared library C:\Users\marce\AppData\Local\Temp\jna-839012291\jna2383962777986655643.dll
Event: 13.754 Loaded shared library C:\Users\marce\.vscode\extensions\redhat.java-1.42.0-win32-x64\jre\21.0.7-win32-x86_64\bin\sunmscapi.dll
Event: 15.596 Loaded shared library C:\Users\marce\.vscode\extensions\redhat.java-1.42.0-win32-x64\jre\21.0.7-win32-x86_64\bin\extnet.dll

Deoptimization events (20 events):
Event: 1354.756 Thread 0x00000158fe99b1c0 DEOPT UNPACKING pc=0x00000158b15c78e2 sp=0x00000020115fdbc0 mode 0
Event: 1354.763 Thread 0x00000158fd4bb330 Uncommon trap: reason=unstable_if action=reinterpret pc=0x00000158b2380884 method=org.eclipse.jdt.internal.core.index.MemoryIndex.remove(Ljava/lang/String;)V @ 8 c2
Event: 1354.770 Thread 0x00000158fd4bb330 DEOPT PACKING pc=0x00000158b2380884 sp=0x00000020117fed50
Event: 1354.787 Thread 0x00000158fd4bb330 DEOPT UNPACKING pc=0x00000158b15c6da2 sp=0x00000020117fec30 mode 2
Event: 1354.906 Thread 0x00000158fe9948c0 Uncommon trap: trap_request=0xffffffbe fr.pc=0x00000158b26f2434 relative=0x0000000000000294
Event: 1354.906 Thread 0x00000158fe9948c0 Uncommon trap: reason=profile_predicate action=maybe_recompile pc=0x00000158b26f2434 method=sun.security.provider.HashDrbg.addBytes([BI[[B)V @ 36 c2
Event: 1354.906 Thread 0x00000158fe9948c0 DEOPT PACKING pc=0x00000158b26f2434 sp=0x00000020125fe4f0
Event: 1354.907 Thread 0x00000158fe9948c0 DEOPT UNPACKING pc=0x00000158b15c6da2 sp=0x00000020125fe440 mode 2
Event: 1354.946 Thread 0x00000158fe9983d0 Uncommon trap: trap_request=0xffffffbe fr.pc=0x00000158b26f2434 relative=0x0000000000000294
Event: 1354.946 Thread 0x00000158fe9983d0 Uncommon trap: reason=profile_predicate action=maybe_recompile pc=0x00000158b26f2434 method=sun.security.provider.HashDrbg.addBytes([BI[[B)V @ 36 c2
Event: 1354.946 Thread 0x00000158fe9983d0 DEOPT PACKING pc=0x00000158b26f2434 sp=0x00000020116fe700
Event: 1354.956 Thread 0x00000158fe9983d0 DEOPT UNPACKING pc=0x00000158b15c6da2 sp=0x00000020116fe650 mode 2
Event: 1355.070 Thread 0x00000158fe994f50 Uncommon trap: trap_request=0xffffffbe fr.pc=0x00000158b26f2434 relative=0x0000000000000294
Event: 1355.070 Thread 0x00000158fe994f50 Uncommon trap: reason=profile_predicate action=maybe_recompile pc=0x00000158b26f2434 method=sun.security.provider.HashDrbg.addBytes([BI[[B)V @ 36 c2
Event: 1355.070 Thread 0x00000158fe994f50 DEOPT PACKING pc=0x00000158b26f2434 sp=0x0000002011bfe3f0
Event: 1355.074 Thread 0x00000158fe994f50 DEOPT UNPACKING pc=0x00000158b15c6da2 sp=0x0000002011bfe340 mode 2
Event: 1355.158 Thread 0x00000158fe9983d0 Uncommon trap: trap_request=0xffffffbe fr.pc=0x00000158b26f2434 relative=0x0000000000000294
Event: 1355.159 Thread 0x00000158fe9983d0 Uncommon trap: reason=profile_predicate action=maybe_recompile pc=0x00000158b26f2434 method=sun.security.provider.HashDrbg.addBytes([BI[[B)V @ 36 c2
Event: 1355.159 Thread 0x00000158fe9983d0 DEOPT PACKING pc=0x00000158b26f2434 sp=0x00000020116fe6e0
Event: 1355.159 Thread 0x00000158fe9983d0 DEOPT UNPACKING pc=0x00000158b15c6da2 sp=0x00000020116fe630 mode 2

Classes loaded (20 events):
Event: 1268.814 Loading class jdk/internal/module/IllegalAccessLogger
Event: 1268.839 Loading class jdk/internal/module/IllegalAccessLogger done
Event: 1273.613 Loading class jdk/internal/module/IllegalAccessLogger
Event: 1273.613 Loading class jdk/internal/module/IllegalAccessLogger done
Event: 1278.374 Loading class java/lang/UnsupportedClassVersionError
Event: 1278.381 Loading class java/lang/UnsupportedClassVersionError done
Event: 1278.843 Loading class jdk/internal/event/SecurityPropertyModificationEvent
Event: 1278.852 Loading class jdk/internal/event/SecurityPropertyModificationEvent done
Event: 1279.580 Loading class java/util/zip/CheckedInputStream
Event: 1279.581 Loading class java/util/zip/CheckedInputStream done
Event: 1280.173 Loading class java/util/zip/GZIPInputStream$1
Event: 1280.184 Loading class java/util/zip/GZIPInputStream$1 done
Event: 1282.188 Loading class jdk/internal/ref/CleanerImpl$InnocuousThreadFactory
Event: 1282.189 Loading class jdk/internal/ref/CleanerImpl$InnocuousThreadFactory done
Event: 1320.233 Loading class jdk/internal/module/IllegalAccessLogger
Event: 1320.242 Loading class jdk/internal/module/IllegalAccessLogger done
Event: 1320.709 Loading class jdk/internal/module/IllegalAccessLogger
Event: 1320.709 Loading class jdk/internal/module/IllegalAccessLogger done
Event: 1354.760 Loading class jdk/internal/module/IllegalAccessLogger
Event: 1354.763 Loading class jdk/internal/module/IllegalAccessLogger done

Classes unloaded (12 events):
Event: 8.442 Thread 0x00000158a6f0d6c0 Unloading class 0x00000158bd1a4c00 'java/lang/invoke/LambdaForm$MH+0x00000158bd1a4c00'
Event: 8.442 Thread 0x00000158a6f0d6c0 Unloading class 0x00000158bd1a4800 'java/lang/invoke/LambdaForm$MH+0x00000158bd1a4800'
Event: 8.442 Thread 0x00000158a6f0d6c0 Unloading class 0x00000158bd1a4400 'java/lang/invoke/LambdaForm$MH+0x00000158bd1a4400'
Event: 8.442 Thread 0x00000158a6f0d6c0 Unloading class 0x00000158bd1a4000 'java/lang/invoke/LambdaForm$MH+0x00000158bd1a4000'
Event: 8.442 Thread 0x00000158a6f0d6c0 Unloading class 0x00000158bd1a3c00 'java/lang/invoke/LambdaForm$BMH+0x00000158bd1a3c00'
Event: 8.442 Thread 0x00000158a6f0d6c0 Unloading class 0x00000158bd1a3800 'java/lang/invoke/LambdaForm$DMH+0x00000158bd1a3800'
Event: 8.442 Thread 0x00000158a6f0d6c0 Unloading class 0x00000158bd1a2400 'java/lang/invoke/LambdaForm$DMH+0x00000158bd1a2400'
Event: 13.357 Thread 0x00000158a6f0d6c0 Unloading class 0x00000158bd2e5c00 'java/lang/invoke/LambdaForm$MH+0x00000158bd2e5c00'
Event: 13.357 Thread 0x00000158a6f0d6c0 Unloading class 0x00000158bd2e0c00 'java/lang/invoke/LambdaForm$MH+0x00000158bd2e0c00'
Event: 13.357 Thread 0x00000158a6f0d6c0 Unloading class 0x00000158bd2e0000 'java/lang/invoke/LambdaForm$MH+0x00000158bd2e0000'
Event: 27.217 Thread 0x00000158a6f0d6c0 Unloading class 0x00000158bd63c800 'java/lang/invoke/LambdaForm$DMH+0x00000158bd63c800'
Event: 27.217 Thread 0x00000158a6f0d6c0 Unloading class 0x00000158bd63c400 'java/lang/invoke/LambdaForm$DMH+0x00000158bd63c400'

Classes redefined (0 events):
No events

Internal exceptions (20 events):
Event: 1278.084 Thread 0x00000158fd4c0f10 Exception <a 'java/lang/IncompatibleClassChangeError'{0x00000000eac0ed60}: Found class java.lang.Object, but interface was expected> (0x00000000eac0ed60) 
thrown [s\src\hotspot\share\interpreter\linkResolver.cpp, line 840]
Event: 1278.084 Thread 0x00000158fd4c0f10 Exception <a 'java/lang/IncompatibleClassChangeError'{0x00000000eac12a60}: Found class java.lang.Object, but interface was expected> (0x00000000eac12a60) 
thrown [s\src\hotspot\share\interpreter\linkResolver.cpp, line 840]
Event: 1278.512 Thread 0x00000158fd4c0f10 Exception <a 'java/lang/IncompatibleClassChangeError'{0x00000000eac13ef8}: Found class java.lang.Object, but interface was expected> (0x00000000eac13ef8) 
thrown [s\src\hotspot\share\interpreter\linkResolver.cpp, line 840]
Event: 1278.670 Thread 0x00000158fe9948c0 Exception <a 'java/lang/NoSuchMethodError'{0x00000000eacb9700}: 'int java.lang.invoke.Invokers$Holder.invokeExact_MT(java.lang.Object, java.lang.Object)'> (0x00000000eacb9700) 
thrown [s\src\hotspot\share\interpreter\linkResolver.cpp, line 773]
Event: 1282.899 Thread 0x00000158fe99b850 Exception <a 'java/lang/NoSuchMethodError'{0x00000000eac741f8}: 'java.lang.Object java.lang.invoke.DirectMethodHandle$Holder.newInvokeSpecial(java.lang.Object, int, java.lang.Object, java.lang.Object, java.lang.Object)'> (0x00000000eac741f8) 
thrown [s\src\hotspot\share\interpreter\linkResolver.cpp, line 773]
Event: 1308.838 Thread 0x00000158fd4bb330 Exception <a 'sun/nio/fs/WindowsException'{0x00000000eacd0780}> (0x00000000eacd0780) 
thrown [s\src\hotspot\share\prims\jni.cpp, line 520]
Event: 1315.699 Thread 0x00000158fd4bb330 Exception <a 'sun/nio/fs/WindowsException'{0x00000000eabea740}> (0x00000000eabea740) 
thrown [s\src\hotspot\share\prims\jni.cpp, line 520]
Event: 1317.301 Thread 0x00000158fe99b1c0 Exception <a 'sun/nio/fs/WindowsException'{0x00000000eab02770}> (0x00000000eab02770) 
thrown [s\src\hotspot\share\prims\jni.cpp, line 520]
Event: 1317.357 Thread 0x00000158fd4bb330 Exception <a 'sun/nio/fs/WindowsException'{0x00000000eaba4b50}> (0x00000000eaba4b50) 
thrown [s\src\hotspot\share\prims\jni.cpp, line 520]
Event: 1317.485 Thread 0x00000158fd4ba610 Exception <a 'sun/nio/fs/WindowsException'{0x00000000eab05eb8}> (0x00000000eab05eb8) 
thrown [s\src\hotspot\share\prims\jni.cpp, line 520]
Event: 1317.509 Thread 0x00000158fd4c15a0 Exception <a 'sun/nio/fs/WindowsException'{0x00000000eab16130}> (0x00000000eab16130) 
thrown [s\src\hotspot\share\prims\jni.cpp, line 520]
Event: 1317.511 Thread 0x00000158fd4c15a0 Exception <a 'sun/nio/fs/WindowsException'{0x00000000eab48d68}> (0x00000000eab48d68) 
thrown [s\src\hotspot\share\prims\jni.cpp, line 520]
Event: 1320.447 Thread 0x00000158fe99b1c0 Exception <a 'sun/nio/fs/WindowsException'{0x00000000eabe4848}> (0x00000000eabe4848) 
thrown [s\src\hotspot\share\prims\jni.cpp, line 520]
Event: 1320.448 Thread 0x00000158fd4ba610 Exception <a 'sun/nio/fs/WindowsException'{0x00000000eabe5eb8}> (0x00000000eabe5eb8) 
thrown [s\src\hotspot\share\prims\jni.cpp, line 520]
Event: 1320.449 Thread 0x00000158fd4ba610 Exception <a 'sun/nio/fs/WindowsException'{0x00000000eabf4d30}> (0x00000000eabf4d30) 
thrown [s\src\hotspot\share\prims\jni.cpp, line 520]
Event: 1320.679 Thread 0x00000158fd4bb330 Exception <a 'sun/nio/fs/WindowsException'{0x00000000eab2e648}> (0x00000000eab2e648) 
thrown [s\src\hotspot\share\prims\jni.cpp, line 520]
Event: 1320.737 Thread 0x00000158fe99b1c0 Exception <a 'sun/nio/fs/WindowsException'{0x00000000eab73018}> (0x00000000eab73018) 
thrown [s\src\hotspot\share\prims\jni.cpp, line 520]
Event: 1320.740 Thread 0x00000158fe99b1c0 Exception <a 'sun/nio/fs/WindowsException'{0x00000000eab73630}> (0x00000000eab73630) 
thrown [s\src\hotspot\share\prims\jni.cpp, line 520]
Event: 1352.317 Thread 0x00000158fd4bb330 Exception <a 'sun/nio/fs/WindowsException'{0x00000000eab71a48}> (0x00000000eab71a48) 
thrown [s\src\hotspot\share\prims\jni.cpp, line 520]
Event: 1354.053 Thread 0x00000158fd4bb330 Exception <a 'sun/nio/fs/WindowsException'{0x00000000eab029a0}> (0x00000000eab029a0) 
thrown [s\src\hotspot\share\prims\jni.cpp, line 520]

ZGC Phase Switch (0 events):
No events

VM Operations (20 events):
Event: 1352.717 Executing VM operation: ParallelGCFailedAllocation (Allocation Failure)
Event: 1352.875 Executing VM operation: ParallelGCFailedAllocation (Allocation Failure) done
Event: 1352.902 Executing VM operation: ParallelGCFailedAllocation (Allocation Failure)
Event: 1352.951 Executing VM operation: ParallelGCFailedAllocation (Allocation Failure) done
Event: 1352.980 Executing VM operation: ParallelGCFailedAllocation (Allocation Failure)
Event: 1352.996 Executing VM operation: ParallelGCFailedAllocation (Allocation Failure) done
Event: 1353.020 Executing VM operation: ParallelGCFailedAllocation (Allocation Failure)
Event: 1353.042 Executing VM operation: ParallelGCFailedAllocation (Allocation Failure) done
Event: 1353.055 Executing VM operation: ParallelGCFailedAllocation (Allocation Failure)
Event: 1353.077 Executing VM operation: ParallelGCFailedAllocation (Allocation Failure) done
Event: 1353.141 Executing VM operation: ParallelGCFailedAllocation (Allocation Failure)
Event: 1353.154 Executing VM operation: ParallelGCFailedAllocation (Allocation Failure) done
Event: 1353.487 Executing VM operation: ParallelGCFailedAllocation (Allocation Failure)
Event: 1353.500 Executing VM operation: ParallelGCFailedAllocation (Allocation Failure) done
Event: 1353.524 Executing VM operation: ParallelGCFailedAllocation (Allocation Failure)
Event: 1353.554 Executing VM operation: ParallelGCFailedAllocation (Allocation Failure) done
Event: 1353.988 Executing VM operation: ParallelGCFailedAllocation (Allocation Failure)
Event: 1354.025 Executing VM operation: ParallelGCFailedAllocation (Allocation Failure) done
Event: 1355.257 Executing VM operation: ParallelGCFailedAllocation (Allocation Failure)
Event: 1355.274 Executing VM operation: ParallelGCFailedAllocation (Allocation Failure) done

Memory protections (0 events):
No events

Nmethod flushes (20 events):
Event: 102.272 Thread 0x00000158a6f0d6c0 flushing  nmethod 0x00000158ab057090
Event: 102.272 Thread 0x00000158a6f0d6c0 flushing  nmethod 0x00000158ab057690
Event: 102.272 Thread 0x00000158a6f0d6c0 flushing  nmethod 0x00000158ab06f890
Event: 102.272 Thread 0x00000158a6f0d6c0 flushing  nmethod 0x00000158ab075390
Event: 102.272 Thread 0x00000158a6f0d6c0 flushing  nmethod 0x00000158ab0cb590
Event: 102.275 Thread 0x00000158a6f0d6c0 flushing  nmethod 0x00000158ab0faf90
Event: 102.275 Thread 0x00000158a6f0d6c0 flushing  nmethod 0x00000158ab0fc810
Event: 102.275 Thread 0x00000158a6f0d6c0 flushing  nmethod 0x00000158ab10f310
Event: 102.275 Thread 0x00000158a6f0d6c0 flushing  nmethod 0x00000158ab136a10
Event: 102.275 Thread 0x00000158a6f0d6c0 flushing  nmethod 0x00000158ab13e790
Event: 102.275 Thread 0x00000158a6f0d6c0 flushing  nmethod 0x00000158ab16f710
Event: 102.276 Thread 0x00000158a6f0d6c0 flushing  nmethod 0x00000158ab192510
Event: 102.276 Thread 0x00000158a6f0d6c0 flushing  nmethod 0x00000158ab1a2990
Event: 102.276 Thread 0x00000158a6f0d6c0 flushing  nmethod 0x00000158ab1d0690
Event: 102.276 Thread 0x00000158a6f0d6c0 flushing  nmethod 0x00000158ab1d1b90
Event: 102.277 Thread 0x00000158a6f0d6c0 flushing  nmethod 0x00000158ab1f9d90
Event: 102.277 Thread 0x00000158a6f0d6c0 flushing  nmethod 0x00000158ab1fb290
Event: 102.277 Thread 0x00000158a6f0d6c0 flushing  nmethod 0x00000158ab21be90
Event: 102.277 Thread 0x00000158a6f0d6c0 flushing osr nmethod 0x00000158ab2c3810
Event: 102.277 Thread 0x00000158a6f0d6c0 flushing  nmethod 0x00000158ab2c5310

Events (20 events):
Event: 1263.274 Thread 0x00000158fe9990f0 Thread added: 0x00000158fe9976b0
Event: 1265.679 Thread 0x00000158fe998a60 Thread added: 0x00000158fe995c70
Event: 1268.899 Thread 0x00000158fe998a60 Thread added: 0x00000158fe99a4a0
Event: 1270.260 Thread 0x00000158fe9990f0 Thread added: 0x00000158fe99b1c0
Event: 1271.540 Thread 0x00000158fe9976b0 Thread added: 0x00000158fe994230
Event: 1277.985 Thread 0x00000158fd4c0f10 Thread added: 0x00000158fe99b850
Event: 1278.030 Thread 0x00000158fe9983d0 Thread added: 0x00000158fe9948c0
Event: 1279.012 Thread 0x00000158fe9983d0 Thread added: 0x00000158fd4bd400
Event: 1281.108 Thread 0x00000158fd4bd400 Thread exited: 0x00000158fd4bd400
Event: 1282.192 Thread 0x00000158fe99b850 Thread added: 0x00000158fd4b9f80
Event: 1308.416 Thread 0x00000158fe99b1c0 Thread added: 0x00000158fd4bee40
Event: 1317.413 Thread 0x00000158fe99b1c0 Thread added: 0x00000158fd4ba610
Event: 1317.491 Thread 0x00000158fd4ba610 Thread added: 0x00000158fd4c15a0
Event: 1317.511 Thread 0x00000158fd4ba610 Thread added: 0x00000158fd4baca0
Event: 1317.511 Thread 0x00000158fd4c15a0 Thread added: 0x00000158fd4bc050
Event: 1320.414 Thread 0x00000158fe99b1c0 Thread added: 0x00000158fd4bc6e0
Event: 1320.415 Thread 0x00000158fe99b1c0 Thread added: 0x00000158fd4bd400
Event: 1345.472 Thread 0x00000158fe998a60 Thread added: 0x00000158fde980a0
Event: 1345.609 Thread 0x00000158fde980a0 Thread exited: 0x00000158fde980a0
Event: 1354.705 Thread 0x00000158fe9990f0 Thread added: 0x00000158fde9e310


Dynamic libraries:
0x00007ff767140000 - 0x00007ff76714e000 	c:\Users\marce\.vscode\extensions\redhat.java-1.42.0-win32-x64\jre\21.0.7-win32-x86_64\bin\java.exe
0x00007ff9055b0000 - 0x00007ff9057c7000 	C:\WINDOWS\SYSTEM32\ntdll.dll
0x00007ff904b10000 - 0x00007ff904bd4000 	C:\WINDOWS\System32\KERNEL32.DLL
0x00007ff9026a0000 - 0x00007ff902a73000 	C:\WINDOWS\System32\KERNELBASE.dll
0x00007ff902cf0000 - 0x00007ff902e01000 	C:\WINDOWS\System32\ucrtbase.dll
0x00007ff8d60c0000 - 0x00007ff8d60d8000 	c:\Users\marce\.vscode\extensions\redhat.java-1.42.0-win32-x64\jre\21.0.7-win32-x86_64\bin\jli.dll
0x00007ff8d5f20000 - 0x00007ff8d5f3e000 	c:\Users\marce\.vscode\extensions\redhat.java-1.42.0-win32-x64\jre\21.0.7-win32-x86_64\bin\VCRUNTIME140.dll
0x00007ff9040f0000 - 0x00007ff9042a1000 	C:\WINDOWS\System32\USER32.dll
0x00007ff9030d0000 - 0x00007ff9030f6000 	C:\WINDOWS\System32\win32u.dll
0x00007ff8e9290000 - 0x00007ff8e952b000 	C:\WINDOWS\WinSxS\amd64_microsoft.windows.common-controls_6595b64144ccf1df_6.0.22621.5262_none_2712bde373830908\COMCTL32.dll
0x00007ff903b30000 - 0x00007ff903b59000 	C:\WINDOWS\System32\GDI32.dll
0x00007ff902bc0000 - 0x00007ff902ce2000 	C:\WINDOWS\System32\gdi32full.dll
0x00007ff9053b0000 - 0x00007ff905457000 	C:\WINDOWS\System32\msvcrt.dll
0x00007ff902e90000 - 0x00007ff902f2a000 	C:\WINDOWS\System32\msvcp_win.dll
0x00007ff905470000 - 0x00007ff9054a1000 	C:\WINDOWS\System32\IMM32.DLL
0x00007ff8f9070000 - 0x00007ff8f907c000 	c:\Users\marce\.vscode\extensions\redhat.java-1.42.0-win32-x64\jre\21.0.7-win32-x86_64\bin\vcruntime140_1.dll
0x00007ff8cf200000 - 0x00007ff8cf28d000 	c:\Users\marce\.vscode\extensions\redhat.java-1.42.0-win32-x64\jre\21.0.7-win32-x86_64\bin\msvcp140.dll
0x00007ff8969d0000 - 0x00007ff897760000 	c:\Users\marce\.vscode\extensions\redhat.java-1.42.0-win32-x64\jre\21.0.7-win32-x86_64\bin\server\jvm.dll
0x00007ff9054b0000 - 0x00007ff905561000 	C:\WINDOWS\System32\ADVAPI32.dll
0x00007ff905080000 - 0x00007ff905127000 	C:\WINDOWS\System32\sechost.dll
0x00007ff902f30000 - 0x00007ff902f58000 	C:\WINDOWS\System32\bcrypt.dll
0x00007ff904460000 - 0x00007ff904574000 	C:\WINDOWS\System32\RPCRT4.dll
0x00007ff903bc0000 - 0x00007ff903c31000 	C:\WINDOWS\System32\WS2_32.dll
0x00007ff9023c0000 - 0x00007ff90240d000 	C:\WINDOWS\SYSTEM32\POWRPROF.dll
0x00007ff8f98d0000 - 0x00007ff8f9904000 	C:\WINDOWS\SYSTEM32\WINMM.dll
0x00007ff8f98c0000 - 0x00007ff8f98ca000 	C:\WINDOWS\SYSTEM32\VERSION.dll
0x00007ff9023a0000 - 0x00007ff9023b3000 	C:\WINDOWS\SYSTEM32\UMPDC.dll
0x00007ff9016e0000 - 0x00007ff9016f8000 	C:\WINDOWS\SYSTEM32\kernel.appcore.dll
0x00007ff8e4c00000 - 0x00007ff8e4c0a000 	c:\Users\marce\.vscode\extensions\redhat.java-1.42.0-win32-x64\jre\21.0.7-win32-x86_64\bin\jimage.dll
0x00007ff900130000 - 0x00007ff900362000 	C:\WINDOWS\SYSTEM32\DBGHELP.DLL
0x00007ff903c40000 - 0x00007ff903fd3000 	C:\WINDOWS\System32\combase.dll
0x00007ff904c40000 - 0x00007ff904d17000 	C:\WINDOWS\System32\OLEAUT32.dll
0x00007ff8f8d90000 - 0x00007ff8f8dc2000 	C:\WINDOWS\SYSTEM32\dbgcore.DLL
0x00007ff902e10000 - 0x00007ff902e8b000 	C:\WINDOWS\System32\bcryptPrimitives.dll
0x00007ff8f7560000 - 0x00007ff8f756f000 	c:\Users\marce\.vscode\extensions\redhat.java-1.42.0-win32-x64\jre\21.0.7-win32-x86_64\bin\instrument.dll
0x00007ff8d5410000 - 0x00007ff8d542f000 	c:\Users\marce\.vscode\extensions\redhat.java-1.42.0-win32-x64\jre\21.0.7-win32-x86_64\bin\java.dll
0x00007ff903240000 - 0x00007ff903add000 	C:\WINDOWS\System32\SHELL32.dll
0x00007ff903100000 - 0x00007ff90323f000 	C:\WINDOWS\System32\wintypes.dll
0x00007ff9005e0000 - 0x00007ff900efd000 	C:\WINDOWS\SYSTEM32\windows.storage.dll
0x00007ff904d20000 - 0x00007ff904e2b000 	C:\WINDOWS\System32\SHCORE.dll
0x00007ff905130000 - 0x00007ff905196000 	C:\WINDOWS\System32\shlwapi.dll
0x00007ff9025d0000 - 0x00007ff9025fb000 	C:\WINDOWS\SYSTEM32\profapi.dll
0x00007ff8d53f0000 - 0x00007ff8d5408000 	c:\Users\marce\.vscode\extensions\redhat.java-1.42.0-win32-x64\jre\21.0.7-win32-x86_64\bin\zip.dll
0x00007ff8e4680000 - 0x00007ff8e4690000 	C:\Users\marce\.vscode\extensions\redhat.java-1.42.0-win32-x64\jre\21.0.7-win32-x86_64\bin\net.dll
0x00007ff8faaf0000 - 0x00007ff8fac1c000 	C:\WINDOWS\SYSTEM32\WINHTTP.dll
0x00007ff901b60000 - 0x00007ff901bca000 	C:\WINDOWS\system32\mswsock.dll
0x00007ff8d53d0000 - 0x00007ff8d53e6000 	C:\Users\marce\.vscode\extensions\redhat.java-1.42.0-win32-x64\jre\21.0.7-win32-x86_64\bin\nio.dll
0x00007ff8d88c0000 - 0x00007ff8d88d0000 	c:\Users\marce\.vscode\extensions\redhat.java-1.42.0-win32-x64\jre\21.0.7-win32-x86_64\bin\verify.dll
0x00007ff8d2a90000 - 0x00007ff8d2ad5000 	C:\Users\marce\AppData\Roaming\Code\User\globalStorage\redhat.java\1.42.0\config_win\org.eclipse.equinox.launcher\org.eclipse.equinox.launcher.win32.win32.x86_64_1.2.1300.v20250331-1702\eclipse_11911.dll
0x00007ff9042b0000 - 0x00007ff904451000 	C:\WINDOWS\System32\ole32.dll
0x00007ff8e45d0000 - 0x00007ff8e45da000 	C:\Users\marce\.vscode\extensions\redhat.java-1.42.0-win32-x64\jre\21.0.7-win32-x86_64\bin\management.dll
0x00007ff8e43d0000 - 0x00007ff8e43db000 	C:\Users\marce\.vscode\extensions\redhat.java-1.42.0-win32-x64\jre\21.0.7-win32-x86_64\bin\management_ext.dll
0x00007ff904c30000 - 0x00007ff904c38000 	C:\WINDOWS\System32\PSAPI.DLL
0x00007ff901db0000 - 0x00007ff901dcb000 	C:\WINDOWS\SYSTEM32\CRYPTSP.dll
0x00007ff901640000 - 0x00007ff901677000 	C:\WINDOWS\system32\rsaenh.dll
0x00007ff901c50000 - 0x00007ff901c78000 	C:\WINDOWS\SYSTEM32\USERENV.dll
0x00007ff901dd0000 - 0x00007ff901ddc000 	C:\WINDOWS\SYSTEM32\CRYPTBASE.dll
0x00007ff901160000 - 0x00007ff90118d000 	C:\WINDOWS\SYSTEM32\IPHLPAPI.DLL
0x00007ff905460000 - 0x00007ff905469000 	C:\WINDOWS\System32\NSI.dll
0x00007ff8d1b20000 - 0x00007ff8d1b69000 	C:\Users\marce\AppData\Local\Temp\jna-839012291\jna2383962777986655643.dll
0x00007ff8f9cd0000 - 0x00007ff8f9ce9000 	C:\WINDOWS\SYSTEM32\dhcpcsvc6.DLL
0x00007ff8f9c70000 - 0x00007ff8f9c8f000 	C:\WINDOWS\SYSTEM32\dhcpcsvc.DLL
0x00007ff8e3f30000 - 0x00007ff8e3f3e000 	C:\Users\marce\.vscode\extensions\redhat.java-1.42.0-win32-x64\jre\21.0.7-win32-x86_64\bin\sunmscapi.dll
0x00007ff902f60000 - 0x00007ff9030c7000 	C:\WINDOWS\System32\CRYPT32.dll
0x00007ff901f70000 - 0x00007ff901f9d000 	C:\WINDOWS\SYSTEM32\ncrypt.dll
0x00007ff901f30000 - 0x00007ff901f67000 	C:\WINDOWS\SYSTEM32\NTASN1.dll
0x00007ff9011d0000 - 0x00007ff9012c8000 	C:\WINDOWS\SYSTEM32\DNSAPI.dll
0x00007ff8f93b0000 - 0x00007ff8f93ba000 	C:\Windows\System32\rasadhlp.dll
0x00007ff8f8fe0000 - 0x00007ff8f9063000 	C:\WINDOWS\System32\fwpuclnt.dll
0x00007ff8e27a0000 - 0x00007ff8e27a9000 	C:\Users\marce\.vscode\extensions\redhat.java-1.42.0-win32-x64\jre\21.0.7-win32-x86_64\bin\extnet.dll

dbghelp: loaded successfully - version: 4.0.5 - missing functions: none
symbol engine: initialized successfully - sym options: 0x614 - pdb path: .;c:\Users\marce\.vscode\extensions\redhat.java-1.42.0-win32-x64\jre\21.0.7-win32-x86_64\bin;C:\WINDOWS\SYSTEM32;C:\WINDOWS\WinSxS\amd64_microsoft.windows.common-controls_6595b64144ccf1df_6.0.22621.5262_none_2712bde373830908;c:\Users\marce\.vscode\extensions\redhat.java-1.42.0-win32-x64\jre\21.0.7-win32-x86_64\bin\server;C:\Users\marce\AppData\Roaming\Code\User\globalStorage\redhat.java\1.42.0\config_win\org.eclipse.equinox.launcher\org.eclipse.equinox.launcher.win32.win32.x86_64_1.2.1300.v20250331-1702;C:\Users\marce\AppData\Local\Temp\jna-839012291

VM Arguments:
jvm_args: --add-modules=ALL-SYSTEM --add-opens=java.base/java.util=ALL-UNNAMED --add-opens=java.base/java.lang=ALL-UNNAMED --add-opens=java.base/sun.nio.fs=ALL-UNNAMED -Declipse.application=org.eclipse.jdt.ls.core.id1 -Dosgi.bundles.defaultStartLevel=4 -Declipse.product=org.eclipse.jdt.ls.core.product -Djava.import.generatesMetadataFilesAtProjectRoot=false -DDetectVMInstallationsJob.disabled=true -Dfile.encoding=utf8 -XX:+UseParallelGC -XX:GCTimeRatio=4 -XX:AdaptiveSizePolicyWeight=90 -Dsun.zip.disableMemoryMapping=true -Xmx1G -Xms100m -Xlog:disable -javaagent:c:\Users\marce\.vscode\extensions\redhat.java-1.42.0-win32-x64\lombok\lombok-1.18.36.jar -XX:+HeapDumpOnOutOfMemoryError -XX:HeapDumpPath=c:\Users\marce\AppData\Roaming\Code\User\workspaceStorage\c9f2f4fd0d52f45e6dcac711764d7503\redhat.java -Daether.dependencyCollector.impl=bf 
java_command: c:\Users\marce\.vscode\extensions\redhat.java-1.42.0-win32-x64\server\plugins\org.eclipse.equinox.launcher_1.7.0.v20250424-1814.jar -configuration c:\Users\marce\AppData\Roaming\Code\User\globalStorage\redhat.java\1.42.0\config_win -data c:\Users\marce\AppData\Roaming\Code\User\workspaceStorage\c9f2f4fd0d52f45e6dcac711764d7503\redhat.java\jdt_ws --pipe=\\.\pipe\lsp-bf4e149a6be8642c054e28f657c2c4bc-sock
java_class_path (initial): c:\Users\marce\.vscode\extensions\redhat.java-1.42.0-win32-x64\server\plugins\org.eclipse.equinox.launcher_1.7.0.v20250424-1814.jar
Launcher Type: SUN_STANDARD

[Global flags]
    uintx AdaptiveSizePolicyWeight                 = 90                                        {product} {command line}
     intx CICompilerCount                          = 3                                         {product} {ergonomic}
    uintx GCTimeRatio                              = 4                                         {product} {command line}
     bool HeapDumpOnOutOfMemoryError               = true                                   {manageable} {command line}
    ccstr HeapDumpPath                             = c:\Users\marce\AppData\Roaming\Code\User\workspaceStorage\c9f2f4fd0d52f45e6dcac711764d7503\redhat.java         {manageable} {command line}
   size_t InitialHeapSize                          = 104857600                                 {product} {command line}
   size_t MaxHeapSize                              = 1073741824                                {product} {command line}
   size_t MaxNewSize                               = 357564416                                 {product} {ergonomic}
   size_t MinHeapDeltaBytes                        = 524288                                    {product} {ergonomic}
   size_t MinHeapSize                              = 104857600                                 {product} {command line}
   size_t NewSize                                  = 34603008                                  {product} {ergonomic}
    uintx NonNMethodCodeHeapSize                   = 5832780                                {pd product} {ergonomic}
    uintx NonProfiledCodeHeapSize                  = 122912730                              {pd product} {ergonomic}
   size_t OldSize                                  = 70254592                                  {product} {ergonomic}
    uintx ProfiledCodeHeapSize                     = 122912730                              {pd product} {ergonomic}
    uintx ReservedCodeCacheSize                    = 251658240                              {pd product} {ergonomic}
     bool SegmentedCodeCache                       = true                                      {product} {ergonomic}
   size_t SoftMaxHeapSize                          = 1073741824                             {manageable} {ergonomic}
     bool UseCompressedOops                        = true                           {product lp64_product} {ergonomic}
     bool UseLargePagesIndividualAllocation        = false                                  {pd product} {ergonomic}
     bool UseParallelGC                            = true                                      {product} {command line}

Logging:
Log output configuration:
 #0: stdout all=off uptime,level,tags foldmultilines=false
 #1: stderr all=off uptime,level,tags foldmultilines=false

Environment Variables:
PATH=C:\Program Files\Common Files\Oracle\Java\javapath;C:\WINDOWS\system32;C:\WINDOWS;C:\WINDOWS\System32\Wbem;C:\WINDOWS\System32\WindowsPowerShell\v1.0\;C:\WINDOWS\System32\OpenSSH\;C:\Program Files (x86)\Bitvise SSH Client;C:\Program Files\PuTTY\;C:\workspace\apache-maven-3.9.9-bin\apache-maven-3.9.9\bin;C:\Program Files\Git\cmd;C:\Program Files\Git\mingw64\bin;C:\Program Files\Git\usr\bin;C:\Users\marce\AppData\Local\Microsoft\WindowsApps;C:\Users\marce\AppData\Local\Programs\Microsoft VS Code\bin;C:\Users\marce\AppData\Local\GitHubDesktop\bin
USERNAME=marcelo
OS=Windows_NT
PROCESSOR_IDENTIFIER=Intel64 Family 6 Model 140 Stepping 1, GenuineIntel
TMP=C:\Users\marce\AppData\Local\Temp
TEMP=C:\Users\marce\AppData\Local\Temp




Periodic native trim disabled

---------------  S Y S T E M  ---------------

OS:
 Windows 11 , 64 bit Build 22621 (10.0.22621.5262)
OS uptime: 2 days 20:38 hours

CPU: total 4 (initial active 4) (2 cores per cpu, 2 threads per core) family 6 model 140 stepping 1 microcode 0x86, cx8, cmov, fxsr, ht, mmx, 3dnowpref, sse, sse2, sse3, ssse3, sse4.1, sse4.2, popcnt, lzcnt, tsc, tscinvbit, avx, avx2, aes, erms, clmul, bmi1, bmi2, adx, avx512f, avx512dq, avx512cd, avx512bw, avx512vl, sha, fma, vzeroupper, avx512_vpopcntdq, avx512_vpclmulqdq, avx512_vaes, avx512_vnni, clflush, clflushopt, clwb, avx512_vbmi2, avx512_vbmi, rdtscp, rdpid, fsrm, gfni, avx512_bitalg, f16c, pku, cet_ibt, cet_ss, avx512_ifma
Processor Information for the first 4 processors :
  Max Mhz: 1997, Current Mhz: 1997, Mhz Limit: 1997

Memory: 4k page, system-wide physical 3790M (81M free)
TotalPageFile size 15566M (AvailPageFile size 14M)
current process WorkingSet (physical memory assigned to process): 181M, peak: 508M
current process commit charge ("private bytes"): 791M, peak: 925M

vm_info: OpenJDK 64-Bit Server VM (21.0.7+6-LTS) for windows-amd64 JRE (21.0.7+6-LTS), built on 2025-04-15T00:00:00Z by "admin" with MS VC++ 17.7 (VS2022)

END.
